Using pre-set license
Built from '2020.3/staging' branch; Version is '2020.3.37f1 (8c66806a0c04) revision 9201280'; Using compiler version '192528614'; Build Type 'Release'
OS: 'Windows 10  (10.0.19044) 64bit Professional' Language: 'en' Physical Memory: 16237 MB
BatchMode: 1, IsHumanControllingUs: 0, StartBugReporterOnCrash: 0, Is64bit: 1, IsPro: 0

COMMAND LINE ARGUMENTS:
D:\Program Files\Unity\2020.3.37f1\Editor\Unity.exe
-adb2
-batchMode
-noUpm
-name
AssetImportWorker0
-projectPath
D:/Project Files/EZMoneyPH Revamped
-logFile
Logs/AssetImportWorker0.log
-srvPort
54828
Successfully changed project path to: D:/Project Files/EZMoneyPH Revamped
D:/Project Files/EZMoneyPH Revamped
Using Asset Import Pipeline V2.
Refreshing native plugins compatible for Editor in 54.33 ms, found 2 plugins.
Preloading 0 native plugins for Editor in 0.00 ms.
Initialize engine version: 2020.3.37f1 (8c66806a0c04)
[Subsystems] Discovering subsystems at path D:/Program Files/Unity/2020.3.37f1/Editor/Data/Resources/UnitySubsystems
[Subsystems] Discovering subsystems at path D:/Project Files/EZMoneyPH Revamped/Assets
GfxDevice: creating device client; threaded=0
Direct3D:
    Version:  Direct3D 11.0 [level 11.1]
    Renderer: NVIDIA GeForce GTX 1650 (ID=0x1f0a)
    Vendor:   
    VRAM:     3961 MB
    Driver:   30.0.15.1215
Initialize mono
Mono path[0] = 'D:/Program Files/Unity/2020.3.37f1/Editor/Data/Managed'
Mono path[1] = 'D:/Program Files/Unity/2020.3.37f1/Editor/Data/MonoBleedingEdge/lib/mono/unityjit'
Mono config path = 'D:/Program Files/Unity/2020.3.37f1/Editor/Data/MonoBleedingEdge/etc'
Using monoOptions --debugger-agent=transport=dt_socket,embedding=1,server=y,suspend=n,address=127.0.0.1:56672
Begin MonoManager ReloadAssembly
Registering precompiled unity dll's ...
Register platform support module: D:/Program Files/Unity/2020.3.37f1/Editor/Data/PlaybackEngines/WebGLSupport/UnityEditor.WebGL.Extensions.dll
Register platform support module: D:/Program Files/Unity/2020.3.37f1/Editor/Data/PlaybackEngines/WindowsStandaloneSupport/UnityEditor.WindowsStandalone.Extensions.dll
Registered in 0.001214 seconds.
Native extension for WindowsStandalone target not found
Native extension for WebGL target not found
Refreshing native plugins compatible for Editor in 53.44 ms, found 2 plugins.
Preloading 0 native plugins for Editor in 0.00 ms.
Mono: successfully reloaded assembly
- Completed reload, in  0.558 seconds
Domain Reload Profiling:
	ReloadAssembly (559ms)
		BeginReloadAssembly (56ms)
			ExecutionOrderSort (0ms)
			DisableScriptedObjects (0ms)
			BackupInstance (0ms)
			ReleaseScriptingObjects (0ms)
			CreateAndSetChildDomain (1ms)
		EndReloadAssembly (440ms)
			LoadAssemblies (55ms)
			RebuildTransferFunctionScriptingTraits (0ms)
			SetupTypeCache (141ms)
			ReleaseScriptCaches (0ms)
			RebuildScriptCaches (27ms)
			SetupLoadedEditorAssemblies (186ms)
				LogAssemblyErrors (0ms)
				InitializePlatformSupportModulesInManaged (5ms)
				SetLoadedEditorAssemblies (0ms)
				RefreshPlugins (54ms)
				BeforeProcessingInitializeOnLoad (14ms)
				ProcessInitializeOnLoadAttributes (82ms)
				ProcessInitializeOnLoadMethodAttributes (31ms)
				AfterProcessingInitializeOnLoad (0ms)
				EditorAssembliesLoaded (0ms)
			ExecutionOrderSort2 (0ms)
			AwakeInstancesAfterBackupRestoration (0ms)
Platform modules already initialized, skipping
Registering precompiled user dll's ...
Registered in 0.003092 seconds.
Begin MonoManager ReloadAssembly
Native extension for WindowsStandalone target not found
Native extension for WebGL target not found
Refreshing native plugins compatible for Editor in 60.46 ms, found 2 plugins.
Preloading 0 native plugins for Editor in 0.00 ms.
Mono: successfully reloaded assembly
- Completed reload, in  1.172 seconds
Domain Reload Profiling:
	ReloadAssembly (1172ms)
		BeginReloadAssembly (145ms)
			ExecutionOrderSort (0ms)
			DisableScriptedObjects (4ms)
			BackupInstance (0ms)
			ReleaseScriptingObjects (0ms)
			CreateAndSetChildDomain (19ms)
		EndReloadAssembly (971ms)
			LoadAssemblies (88ms)
			RebuildTransferFunctionScriptingTraits (0ms)
			SetupTypeCache (314ms)
			ReleaseScriptCaches (1ms)
			RebuildScriptCaches (55ms)
			SetupLoadedEditorAssemblies (412ms)
				LogAssemblyErrors (0ms)
				InitializePlatformSupportModulesInManaged (5ms)
				SetLoadedEditorAssemblies (0ms)
				RefreshPlugins (61ms)
				BeforeProcessingInitializeOnLoad (89ms)
				ProcessInitializeOnLoadAttributes (241ms)
				ProcessInitializeOnLoadMethodAttributes (13ms)
				AfterProcessingInitializeOnLoad (2ms)
				EditorAssembliesLoaded (0ms)
			ExecutionOrderSort2 (0ms)
			AwakeInstancesAfterBackupRestoration (1ms)
Platform modules already initialized, skipping
========================================================================
Worker process is ready to serve import requests
Launched and connected shader compiler UnityShaderCompiler.exe after 0.05 seconds
Refreshing native plugins compatible for Editor in 0.65 ms, found 2 plugins.
Preloading 0 native plugins for Editor in 0.00 ms.
Unloading 3342 Unused Serialized files (Serialized files now loaded: 0)
System memory in use before: 145.9 MB.
System memory in use after: 146.1 MB.

Unloading 21 unused Assets to reduce memory usage. Loaded Objects now: 3779.
Total: 3.431700 ms (FindLiveObjects: 0.319900 ms CreateObjectMapping: 0.175500 ms MarkObjects: 2.864000 ms  DeleteObjects: 0.071500 ms)

AssetImportParameters requested are different than current active one (requested -> active):
  custom:framework-win-MediaFoundation: 216162199b28c13a410421893ffa2e32 -> 
  custom:video-decoder-ogg-theora: a1e56fd34408186e4bbccfd4996cb3dc -> 
  custom:container-muxer-webm: aa71ff27fc2769a1b78a27578f13a17b -> 
  custom:container-demuxer-webm: 4f35f7cbe854078d1ac9338744f61a02 -> 
  custom:container-demuxer-ogg: 62fdf1f143b41e24485cea50d1cbac27 -> 
  custom:video-encoder-webm-vp8: eb34c28f22e8b96e1ab97ce403110664 -> 
  custom:video-decoder-webm-vp8: 9c59270c3fd7afecdb556c50c9e8de78 -> 
  custom:audio-decoder-ogg-vorbis: bf7c407c2cedff20999df2af8eb42d56 -> 
  custom:audio-encoder-webm-vorbis: bf7c407c2cedff20999df2af8eb42d56 -> 
========================================================================
Received Import Request.
  path: Assets/000 - EZMoney/011 - Controller/GameController.inputactions
  artifactKey: Guid(d20590b515d5b844f855ae63f58422f9) Importer(815301076,1909f56bfc062723c751e8b465ee728b)
Start importing Assets/000 - EZMoney/011 - Controller/GameController.inputactions using Guid(d20590b515d5b844f855ae63f58422f9) Importer(815301076,1909f56bfc062723c751e8b465ee728b)  -> (artifact id: '95d3fb5b2f51d3eebd300f8232c8e8eb') in 0.050354 seconds 
========================================================================
Received Import Request.
  Time since last request: 14.367122 seconds.
  path: Assets/000 - EZMoney/011 - Controller/GameController.inputactions
  artifactKey: Guid(d20590b515d5b844f855ae63f58422f9) Importer(815301076,1909f56bfc062723c751e8b465ee728b)
Start importing Assets/000 - EZMoney/011 - Controller/GameController.inputactions using Guid(d20590b515d5b844f855ae63f58422f9) Importer(815301076,1909f56bfc062723c751e8b465ee728b)  -> (artifact id: '604e6d8b55edd01b5c4f9d3f437ccf4e') in 0.002713 seconds 
========================================================================
Received Import Request.
  Time since last request: 3.076211 seconds.
  path: Assets/000 - EZMoney/011 - Controller/GameController.inputactions
  artifactKey: Guid(d20590b515d5b844f855ae63f58422f9) Importer(815301076,1909f56bfc062723c751e8b465ee728b)
Start importing Assets/000 - EZMoney/011 - Controller/GameController.inputactions using Guid(d20590b515d5b844f855ae63f58422f9) Importer(815301076,1909f56bfc062723c751e8b465ee728b)  -> (artifact id: 'f77a4a4dd38cff95105567e816b1d721') in 0.005242 seconds 
========================================================================
Received Import Request.
  Time since last request: 13.492994 seconds.
  path: Assets/000 - EZMoney/011 - Controller/GameController.inputactions
  artifactKey: Guid(d20590b515d5b844f855ae63f58422f9) Importer(815301076,1909f56bfc062723c751e8b465ee728b)
Start importing Assets/000 - EZMoney/011 - Controller/GameController.inputactions using Guid(d20590b515d5b844f855ae63f58422f9) Importer(815301076,1909f56bfc062723c751e8b465ee728b)  -> (artifact id: '4b64c56aa93dcd152214aaa6b490721f') in 0.002844 seconds 
========================================================================
Received Import Request.
  Time since last request: 6.583398 seconds.
  path: Assets/000 - EZMoney/011 - Controller/GameController.inputactions
  artifactKey: Guid(d20590b515d5b844f855ae63f58422f9) Importer(815301076,1909f56bfc062723c751e8b465ee728b)
Start importing Assets/000 - EZMoney/011 - Controller/GameController.inputactions using Guid(d20590b515d5b844f855ae63f58422f9) Importer(815301076,1909f56bfc062723c751e8b465ee728b)  -> (artifact id: '030771be8f264c21669fc1cf53ad5574') in 0.002636 seconds 
========================================================================
Received Import Request.
  Time since last request: 7.224009 seconds.
  path: Assets/000 - EZMoney/011 - Controller/GameController.inputactions
  artifactKey: Guid(d20590b515d5b844f855ae63f58422f9) Importer(815301076,1909f56bfc062723c751e8b465ee728b)
Start importing Assets/000 - EZMoney/011 - Controller/GameController.inputactions using Guid(d20590b515d5b844f855ae63f58422f9) Importer(815301076,1909f56bfc062723c751e8b465ee728b)  -> (artifact id: '28981a5fe85704562edd74d2e11ccf55') in 0.003069 seconds 
========================================================================
Received Import Request.
  Time since last request: 2.747978 seconds.
  path: Assets/000 - EZMoney/011 - Controller/GameController.inputactions
  artifactKey: Guid(d20590b515d5b844f855ae63f58422f9) Importer(815301076,1909f56bfc062723c751e8b465ee728b)
Start importing Assets/000 - EZMoney/011 - Controller/GameController.inputactions using Guid(d20590b515d5b844f855ae63f58422f9) Importer(815301076,1909f56bfc062723c751e8b465ee728b)  -> (artifact id: '92af4b4ae5776a9041c594dca3985225') in 0.002658 seconds 
========================================================================
Received Import Request.
  Time since last request: 5.190261 seconds.
  path: Assets/000 - EZMoney/011 - Controller/GameController.inputactions
  artifactKey: Guid(d20590b515d5b844f855ae63f58422f9) Importer(815301076,1909f56bfc062723c751e8b465ee728b)
Start importing Assets/000 - EZMoney/011 - Controller/GameController.inputactions using Guid(d20590b515d5b844f855ae63f58422f9) Importer(815301076,1909f56bfc062723c751e8b465ee728b)  -> (artifact id: '199f62ecc9bae01635fb05c3600b19fc') in 0.003452 seconds 
========================================================================
Received Import Request.
  Time since last request: 19.823486 seconds.
  path: Assets/000 - EZMoney/011 - Controller/GameController.inputactions
  artifactKey: Guid(d20590b515d5b844f855ae63f58422f9) Importer(815301076,1909f56bfc062723c751e8b465ee728b)
Start importing Assets/000 - EZMoney/011 - Controller/GameController.inputactions using Guid(d20590b515d5b844f855ae63f58422f9) Importer(815301076,1909f56bfc062723c751e8b465ee728b)  -> (artifact id: '9182685e5b66cf2d9a4fdaaa0685fdfd') in 0.002996 seconds 
========================================================================
Received Import Request.
  Time since last request: 10.976396 seconds.
  path: Assets/000 - EZMoney/011 - Controller/GameController.inputactions
  artifactKey: Guid(d20590b515d5b844f855ae63f58422f9) Importer(815301076,1909f56bfc062723c751e8b465ee728b)
Start importing Assets/000 - EZMoney/011 - Controller/GameController.inputactions using Guid(d20590b515d5b844f855ae63f58422f9) Importer(815301076,1909f56bfc062723c751e8b465ee728b)  -> (artifact id: '82b0e91f3a13dc2d3e078de8e3629b8f') in 0.002817 seconds 
========================================================================
Received Import Request.
  Time since last request: 1.602328 seconds.
  path: Assets/000 - EZMoney/011 - Controller/GameController.inputactions
  artifactKey: Guid(d20590b515d5b844f855ae63f58422f9) Importer(815301076,1909f56bfc062723c751e8b465ee728b)
Start importing Assets/000 - EZMoney/011 - Controller/GameController.inputactions using Guid(d20590b515d5b844f855ae63f58422f9) Importer(815301076,1909f56bfc062723c751e8b465ee728b)  -> (artifact id: '95dfe049d79e557d6a4385060eecc7b7') in 0.002807 seconds 
========================================================================
Received Import Request.
  Time since last request: 14.300880 seconds.
  path: Assets/000 - EZMoney/011 - Controller/GameController.inputactions
  artifactKey: Guid(d20590b515d5b844f855ae63f58422f9) Importer(815301076,1909f56bfc062723c751e8b465ee728b)
Start importing Assets/000 - EZMoney/011 - Controller/GameController.inputactions using Guid(d20590b515d5b844f855ae63f58422f9) Importer(815301076,1909f56bfc062723c751e8b465ee728b)  -> (artifact id: 'f0795d097a4222cead7bcb8478625292') in 0.002790 seconds 
========================================================================
Received Prepare
Registering precompiled user dll's ...
Registered in 0.002470 seconds.
Begin MonoManager ReloadAssembly
Native extension for WindowsStandalone target not found
Native extension for WebGL target not found
Refreshing native plugins compatible for Editor in 0.53 ms, found 2 plugins.
Preloading 0 native plugins for Editor in 0.00 ms.
Mono: successfully reloaded assembly
- Completed reload, in  1.104 seconds
Domain Reload Profiling:
	ReloadAssembly (1105ms)
		BeginReloadAssembly (125ms)
			ExecutionOrderSort (0ms)
			DisableScriptedObjects (5ms)
			BackupInstance (0ms)
			ReleaseScriptingObjects (0ms)
			CreateAndSetChildDomain (41ms)
		EndReloadAssembly (927ms)
			LoadAssemblies (92ms)
			RebuildTransferFunctionScriptingTraits (0ms)
			SetupTypeCache (353ms)
			ReleaseScriptCaches (2ms)
			RebuildScriptCaches (42ms)
			SetupLoadedEditorAssemblies (346ms)
				LogAssemblyErrors (0ms)
				InitializePlatformSupportModulesInManaged (4ms)
				SetLoadedEditorAssemblies (0ms)
				RefreshPlugins (1ms)
				BeforeProcessingInitializeOnLoad (85ms)
				ProcessInitializeOnLoadAttributes (241ms)
				ProcessInitializeOnLoadMethodAttributes (13ms)
				AfterProcessingInitializeOnLoad (2ms)
				EditorAssembliesLoaded (0ms)
			ExecutionOrderSort2 (0ms)
			AwakeInstancesAfterBackupRestoration (5ms)
Platform modules already initialized, skipping
Switching build target platform(19) subTarget(0) extendedPlatform(0) -> platform(13) subTarget(537395200) extendedPlatform(0)
Refreshing native plugins compatible for Editor in 0.69 ms, found 2 plugins.
Preloading 0 native plugins for Editor in 0.00 ms.
Unloading 3235 Unused Serialized files (Serialized files now loaded: 0)
System memory in use before: 138.6 MB.
System memory in use after: 138.9 MB.

Unloading 14 unused Assets to reduce memory usage. Loaded Objects now: 3783.
Total: 3.374500 ms (FindLiveObjects: 0.232300 ms CreateObjectMapping: 0.127300 ms MarkObjects: 2.993900 ms  DeleteObjects: 0.020300 ms)

AssetImportParameters requested are different than current active one (requested -> active):
  custom:framework-win-MediaFoundation: 216162199b28c13a410421893ffa2e32 -> 
  custom:video-decoder-ogg-theora: a1e56fd34408186e4bbccfd4996cb3dc -> 
  custom:container-muxer-webm: aa71ff27fc2769a1b78a27578f13a17b -> 
  custom:container-demuxer-webm: 4f35f7cbe854078d1ac9338744f61a02 -> 
  custom:container-demuxer-ogg: 62fdf1f143b41e24485cea50d1cbac27 -> 
  custom:video-encoder-webm-vp8: eb34c28f22e8b96e1ab97ce403110664 -> 
  custom:video-decoder-webm-vp8: 9c59270c3fd7afecdb556c50c9e8de78 -> 
  custom:graphics/normal-map-encoding: 01000000000000000000000000000000 -> 02000000000000000000000000000000
  custom:audio-decoder-ogg-vorbis: bf7c407c2cedff20999df2af8eb42d56 -> 
  custom:audio-encoder-webm-vorbis: bf7c407c2cedff20999df2af8eb42d56 -> 
========================================================================
Received Prepare
Registering precompiled user dll's ...
Registered in 0.002485 seconds.
Begin MonoManager ReloadAssembly
Native extension for WindowsStandalone target not found
Native extension for WebGL target not found
Refreshing native plugins compatible for Editor in 0.53 ms, found 2 plugins.
Preloading 0 native plugins for Editor in 0.00 ms.
Mono: successfully reloaded assembly
- Completed reload, in  1.062 seconds
Domain Reload Profiling:
	ReloadAssembly (1062ms)
		BeginReloadAssembly (108ms)
			ExecutionOrderSort (0ms)
			DisableScriptedObjects (4ms)
			BackupInstance (0ms)
			ReleaseScriptingObjects (0ms)
			CreateAndSetChildDomain (35ms)
		EndReloadAssembly (890ms)
			LoadAssemblies (92ms)
			RebuildTransferFunctionScriptingTraits (0ms)
			SetupTypeCache (349ms)
			ReleaseScriptCaches (1ms)
			RebuildScriptCaches (40ms)
			SetupLoadedEditorAssemblies (312ms)
				LogAssemblyErrors (0ms)
				InitializePlatformSupportModulesInManaged (3ms)
				SetLoadedEditorAssemblies (0ms)
				RefreshPlugins (1ms)
				BeforeProcessingInitializeOnLoad (77ms)
				ProcessInitializeOnLoadAttributes (217ms)
				ProcessInitializeOnLoadMethodAttributes (12ms)
				AfterProcessingInitializeOnLoad (2ms)
				EditorAssembliesLoaded (0ms)
			ExecutionOrderSort2 (0ms)
			AwakeInstancesAfterBackupRestoration (4ms)
Platform modules already initialized, skipping
Switching build target platform(19) subTarget(0) extendedPlatform(0) -> platform(13) subTarget(537395200) extendedPlatform(0)
Refreshing native plugins compatible for Editor in 0.78 ms, found 2 plugins.
Preloading 0 native plugins for Editor in 0.00 ms.
Unloading 3385 Unused Serialized files (Serialized files now loaded: 0)
System memory in use before: 142.4 MB.
System memory in use after: 142.7 MB.

Unloading 14 unused Assets to reduce memory usage. Loaded Objects now: 3936.
Total: 3.702200 ms (FindLiveObjects: 0.328200 ms CreateObjectMapping: 0.158500 ms MarkObjects: 3.180700 ms  DeleteObjects: 0.033800 ms)

AssetImportParameters requested are different than current active one (requested -> active):
  custom:framework-win-MediaFoundation: 216162199b28c13a410421893ffa2e32 -> 
  custom:video-decoder-ogg-theora: a1e56fd34408186e4bbccfd4996cb3dc -> 
  custom:container-muxer-webm: aa71ff27fc2769a1b78a27578f13a17b -> 
  custom:container-demuxer-webm: 4f35f7cbe854078d1ac9338744f61a02 -> 
  custom:container-demuxer-ogg: 62fdf1f143b41e24485cea50d1cbac27 -> 
  custom:video-encoder-webm-vp8: eb34c28f22e8b96e1ab97ce403110664 -> 
  custom:video-decoder-webm-vp8: 9c59270c3fd7afecdb556c50c9e8de78 -> 
  custom:graphics/normal-map-encoding: 01000000000000000000000000000000 -> 02000000000000000000000000000000
  custom:audio-decoder-ogg-vorbis: bf7c407c2cedff20999df2af8eb42d56 -> 
  custom:audio-encoder-webm-vorbis: bf7c407c2cedff20999df2af8eb42d56 -> 
========================================================================
Received Import Request.
  Time since last request: 62.491886 seconds.
  path: Assets/000 - EZMoney/005 - Scripts/000 - GameManager
  artifactKey: Guid(138bdf6359613e047a54244b338bc1fc) Importer(815301076,1909f56bfc062723c751e8b465ee728b)
Start importing Assets/000 - EZMoney/005 - Scripts/000 - GameManager using Guid(138bdf6359613e047a54244b338bc1fc) Importer(815301076,1909f56bfc062723c751e8b465ee728b)  -> (artifact id: '238d976d518e696a138b4199c3189e90') in 0.010384 seconds 
========================================================================
Received Import Request.
  Time since last request: 702.550395 seconds.
  path: Assets/000 - EZMoney/011 - Controller/GameController.inputactions
  artifactKey: Guid(d20590b515d5b844f855ae63f58422f9) Importer(815301076,1909f56bfc062723c751e8b465ee728b)
Start importing Assets/000 - EZMoney/011 - Controller/GameController.inputactions using Guid(d20590b515d5b844f855ae63f58422f9) Importer(815301076,1909f56bfc062723c751e8b465ee728b)  -> (artifact id: 'c3f860294f64f91ae88b2a5b6a15403e') in 0.024201 seconds 
========================================================================
Received Import Request.
  Time since last request: 4.077387 seconds.
  path: Assets/000 - EZMoney/011 - Controller/GameController.inputactions
  artifactKey: Guid(d20590b515d5b844f855ae63f58422f9) Importer(815301076,1909f56bfc062723c751e8b465ee728b)
Start importing Assets/000 - EZMoney/011 - Controller/GameController.inputactions using Guid(d20590b515d5b844f855ae63f58422f9) Importer(815301076,1909f56bfc062723c751e8b465ee728b)  -> (artifact id: '9ed51e6e81fc2363f2d0be9f83187aa3') in 0.004631 seconds 
========================================================================
Received Prepare
Registering precompiled user dll's ...
Registered in 0.002403 seconds.
Begin MonoManager ReloadAssembly
Native extension for WindowsStandalone target not found
Native extension for WebGL target not found
Refreshing native plugins compatible for Editor in 0.56 ms, found 2 plugins.
Preloading 0 native plugins for Editor in 0.00 ms.
Mono: successfully reloaded assembly
- Completed reload, in  1.025 seconds
Domain Reload Profiling:
	ReloadAssembly (1026ms)
		BeginReloadAssembly (112ms)
			ExecutionOrderSort (0ms)
			DisableScriptedObjects (4ms)
			BackupInstance (0ms)
			ReleaseScriptingObjects (0ms)
			CreateAndSetChildDomain (39ms)
		EndReloadAssembly (859ms)
			LoadAssemblies (93ms)
			RebuildTransferFunctionScriptingTraits (0ms)
			SetupTypeCache (307ms)
			ReleaseScriptCaches (1ms)
			RebuildScriptCaches (43ms)
			SetupLoadedEditorAssemblies (319ms)
				LogAssemblyErrors (0ms)
				InitializePlatformSupportModulesInManaged (3ms)
				SetLoadedEditorAssemblies (0ms)
				RefreshPlugins (1ms)
				BeforeProcessingInitializeOnLoad (81ms)
				ProcessInitializeOnLoadAttributes (219ms)
				ProcessInitializeOnLoadMethodAttributes (11ms)
				AfterProcessingInitializeOnLoad (2ms)
				EditorAssembliesLoaded (0ms)
			ExecutionOrderSort2 (0ms)
			AwakeInstancesAfterBackupRestoration (4ms)
Platform modules already initialized, skipping
Switching build target platform(19) subTarget(0) extendedPlatform(0) -> platform(13) subTarget(537395200) extendedPlatform(0)
Refreshing native plugins compatible for Editor in 0.58 ms, found 2 plugins.
Preloading 0 native plugins for Editor in 0.00 ms.
Unloading 3425 Unused Serialized files (Serialized files now loaded: 0)
System memory in use before: 144.0 MB.
System memory in use after: 144.2 MB.

Unloading 15 unused Assets to reduce memory usage. Loaded Objects now: 3978.
Total: 3.281900 ms (FindLiveObjects: 0.245700 ms CreateObjectMapping: 0.130000 ms MarkObjects: 2.821400 ms  DeleteObjects: 0.084100 ms)

AssetImportParameters requested are different than current active one (requested -> active):
  custom:framework-win-MediaFoundation: 216162199b28c13a410421893ffa2e32 -> 
  custom:video-decoder-ogg-theora: a1e56fd34408186e4bbccfd4996cb3dc -> 
  custom:container-muxer-webm: aa71ff27fc2769a1b78a27578f13a17b -> 
  custom:container-demuxer-webm: 4f35f7cbe854078d1ac9338744f61a02 -> 
  custom:container-demuxer-ogg: 62fdf1f143b41e24485cea50d1cbac27 -> 
  custom:video-encoder-webm-vp8: eb34c28f22e8b96e1ab97ce403110664 -> 
  custom:video-decoder-webm-vp8: 9c59270c3fd7afecdb556c50c9e8de78 -> 
  custom:graphics/normal-map-encoding: 01000000000000000000000000000000 -> 02000000000000000000000000000000
  custom:audio-decoder-ogg-vorbis: bf7c407c2cedff20999df2af8eb42d56 -> 
  custom:audio-encoder-webm-vorbis: bf7c407c2cedff20999df2af8eb42d56 -> 
========================================================================
Received Import Request.
  Time since last request: 21.516173 seconds.
  path: Assets/000 - EZMoney/011 - Controller/GameController.inputactions
  artifactKey: Guid(d20590b515d5b844f855ae63f58422f9) Importer(815301076,1909f56bfc062723c751e8b465ee728b)
Start importing Assets/000 - EZMoney/011 - Controller/GameController.inputactions using Guid(d20590b515d5b844f855ae63f58422f9) Importer(815301076,1909f56bfc062723c751e8b465ee728b)  -> (artifact id: '5354a5962d4767e0421208553ec4777d') in 0.022294 seconds 
========================================================================
Received Prepare
Registering precompiled user dll's ...
Registered in 0.002456 seconds.
Begin MonoManager ReloadAssembly
Native extension for WindowsStandalone target not found
Native extension for WebGL target not found
Refreshing native plugins compatible for Editor in 0.73 ms, found 2 plugins.
Preloading 0 native plugins for Editor in 0.00 ms.
Mono: successfully reloaded assembly
- Completed reload, in  1.087 seconds
Domain Reload Profiling:
	ReloadAssembly (1087ms)
		BeginReloadAssembly (105ms)
			ExecutionOrderSort (0ms)
			DisableScriptedObjects (4ms)
			BackupInstance (0ms)
			ReleaseScriptingObjects (0ms)
			CreateAndSetChildDomain (36ms)
		EndReloadAssembly (928ms)
			LoadAssemblies (92ms)
			RebuildTransferFunctionScriptingTraits (0ms)
			SetupTypeCache (339ms)
			ReleaseScriptCaches (1ms)
			RebuildScriptCaches (47ms)
			SetupLoadedEditorAssemblies (341ms)
				LogAssemblyErrors (0ms)
				InitializePlatformSupportModulesInManaged (4ms)
				SetLoadedEditorAssemblies (1ms)
				RefreshPlugins (1ms)
				BeforeProcessingInitializeOnLoad (82ms)
				ProcessInitializeOnLoadAttributes (238ms)
				ProcessInitializeOnLoadMethodAttributes (13ms)
				AfterProcessingInitializeOnLoad (2ms)
				EditorAssembliesLoaded (0ms)
			ExecutionOrderSort2 (0ms)
			AwakeInstancesAfterBackupRestoration (5ms)
Platform modules already initialized, skipping
Switching build target platform(19) subTarget(0) extendedPlatform(0) -> platform(13) subTarget(537395200) extendedPlatform(0)
Refreshing native plugins compatible for Editor in 0.55 ms, found 2 plugins.
Preloading 0 native plugins for Editor in 0.00 ms.
Unloading 3425 Unused Serialized files (Serialized files now loaded: 0)
System memory in use before: 144.1 MB.
System memory in use after: 144.3 MB.

Unloading 15 unused Assets to reduce memory usage. Loaded Objects now: 3981.
Total: 3.426000 ms (FindLiveObjects: 0.239400 ms CreateObjectMapping: 0.125600 ms MarkObjects: 2.973400 ms  DeleteObjects: 0.086700 ms)

AssetImportParameters requested are different than current active one (requested -> active):
  custom:framework-win-MediaFoundation: 216162199b28c13a410421893ffa2e32 -> 
  custom:video-decoder-ogg-theora: a1e56fd34408186e4bbccfd4996cb3dc -> 
  custom:container-muxer-webm: aa71ff27fc2769a1b78a27578f13a17b -> 
  custom:container-demuxer-webm: 4f35f7cbe854078d1ac9338744f61a02 -> 
  custom:container-demuxer-ogg: 62fdf1f143b41e24485cea50d1cbac27 -> 
  custom:video-encoder-webm-vp8: eb34c28f22e8b96e1ab97ce403110664 -> 
  custom:video-decoder-webm-vp8: 9c59270c3fd7afecdb556c50c9e8de78 -> 
  custom:graphics/normal-map-encoding: 01000000000000000000000000000000 -> 02000000000000000000000000000000
  custom:audio-decoder-ogg-vorbis: bf7c407c2cedff20999df2af8eb42d56 -> 
  custom:audio-encoder-webm-vorbis: bf7c407c2cedff20999df2af8eb42d56 -> 
========================================================================
Received Import Request.
  Time since last request: 5.350470 seconds.
  path: Assets/000 - EZMoney/011 - Controller/GameController.inputactions
  artifactKey: Guid(d20590b515d5b844f855ae63f58422f9) Importer(815301076,1909f56bfc062723c751e8b465ee728b)
Start importing Assets/000 - EZMoney/011 - Controller/GameController.inputactions using Guid(d20590b515d5b844f855ae63f58422f9) Importer(815301076,1909f56bfc062723c751e8b465ee728b)  -> (artifact id: '89a08afbd5e3487ef8b6f7d125b1ed63') in 0.020689 seconds 
========================================================================
Received Prepare
Registering precompiled user dll's ...
Registered in 0.002743 seconds.
Begin MonoManager ReloadAssembly
Native extension for WindowsStandalone target not found
Native extension for WebGL target not found
Refreshing native plugins compatible for Editor in 0.57 ms, found 2 plugins.
Preloading 0 native plugins for Editor in 0.00 ms.
Mono: successfully reloaded assembly
- Completed reload, in  1.090 seconds
Domain Reload Profiling:
	ReloadAssembly (1090ms)
		BeginReloadAssembly (116ms)
			ExecutionOrderSort (0ms)
			DisableScriptedObjects (6ms)
			BackupInstance (0ms)
			ReleaseScriptingObjects (0ms)
			CreateAndSetChildDomain (36ms)
		EndReloadAssembly (918ms)
			LoadAssemblies (95ms)
			RebuildTransferFunctionScriptingTraits (0ms)
			SetupTypeCache (338ms)
			ReleaseScriptCaches (1ms)
			RebuildScriptCaches (46ms)
			SetupLoadedEditorAssemblies (331ms)
				LogAssemblyErrors (0ms)
				InitializePlatformSupportModulesInManaged (4ms)
				SetLoadedEditorAssemblies (0ms)
				RefreshPlugins (1ms)
				BeforeProcessingInitializeOnLoad (78ms)
				ProcessInitializeOnLoadAttributes (233ms)
				ProcessInitializeOnLoadMethodAttributes (13ms)
				AfterProcessingInitializeOnLoad (2ms)
				EditorAssembliesLoaded (0ms)
			ExecutionOrderSort2 (0ms)
			AwakeInstancesAfterBackupRestoration (5ms)
Platform modules already initialized, skipping
Switching build target platform(19) subTarget(0) extendedPlatform(0) -> platform(13) subTarget(537395200) extendedPlatform(0)
Refreshing native plugins compatible for Editor in 0.55 ms, found 2 plugins.
Preloading 0 native plugins for Editor in 0.00 ms.
Unloading 3425 Unused Serialized files (Serialized files now loaded: 0)
System memory in use before: 144.1 MB.
System memory in use after: 144.3 MB.

Unloading 15 unused Assets to reduce memory usage. Loaded Objects now: 3984.
Total: 3.666900 ms (FindLiveObjects: 0.238700 ms CreateObjectMapping: 0.168700 ms MarkObjects: 3.197100 ms  DeleteObjects: 0.061500 ms)

AssetImportParameters requested are different than current active one (requested -> active):
  custom:framework-win-MediaFoundation: 216162199b28c13a410421893ffa2e32 -> 
  custom:video-decoder-ogg-theora: a1e56fd34408186e4bbccfd4996cb3dc -> 
  custom:container-muxer-webm: aa71ff27fc2769a1b78a27578f13a17b -> 
  custom:container-demuxer-webm: 4f35f7cbe854078d1ac9338744f61a02 -> 
  custom:container-demuxer-ogg: 62fdf1f143b41e24485cea50d1cbac27 -> 
  custom:video-encoder-webm-vp8: eb34c28f22e8b96e1ab97ce403110664 -> 
  custom:video-decoder-webm-vp8: 9c59270c3fd7afecdb556c50c9e8de78 -> 
  custom:graphics/normal-map-encoding: 01000000000000000000000000000000 -> 02000000000000000000000000000000
  custom:audio-decoder-ogg-vorbis: bf7c407c2cedff20999df2af8eb42d56 -> 
  custom:audio-encoder-webm-vorbis: bf7c407c2cedff20999df2af8eb42d56 -> 
========================================================================
Received Import Request.
  Time since last request: 8.806976 seconds.
  path: Assets/000 - EZMoney/011 - Controller/GameController.inputactions
  artifactKey: Guid(d20590b515d5b844f855ae63f58422f9) Importer(815301076,1909f56bfc062723c751e8b465ee728b)
Start importing Assets/000 - EZMoney/011 - Controller/GameController.inputactions using Guid(d20590b515d5b844f855ae63f58422f9) Importer(815301076,1909f56bfc062723c751e8b465ee728b)  -> (artifact id: '5ef7562e8ab2e7b0cf45458d6716bdef') in 0.021192 seconds 
========================================================================
Received Prepare
Registering precompiled user dll's ...
Registered in 0.002700 seconds.
Begin MonoManager ReloadAssembly
Native extension for WindowsStandalone target not found
Native extension for WebGL target not found
Refreshing native plugins compatible for Editor in 1.83 ms, found 2 plugins.
Preloading 0 native plugins for Editor in 0.00 ms.
Mono: successfully reloaded assembly
- Completed reload, in  1.120 seconds
Domain Reload Profiling:
	ReloadAssembly (1120ms)
		BeginReloadAssembly (106ms)
			ExecutionOrderSort (0ms)
			DisableScriptedObjects (4ms)
			BackupInstance (0ms)
			ReleaseScriptingObjects (0ms)
			CreateAndSetChildDomain (33ms)
		EndReloadAssembly (955ms)
			LoadAssemblies (95ms)
			RebuildTransferFunctionScriptingTraits (0ms)
			SetupTypeCache (337ms)
			ReleaseScriptCaches (2ms)
			RebuildScriptCaches (50ms)
			SetupLoadedEditorAssemblies (343ms)
				LogAssemblyErrors (0ms)
				InitializePlatformSupportModulesInManaged (4ms)
				SetLoadedEditorAssemblies (1ms)
				RefreshPlugins (2ms)
				BeforeProcessingInitializeOnLoad (92ms)
				ProcessInitializeOnLoadAttributes (231ms)
				ProcessInitializeOnLoadMethodAttributes (12ms)
				AfterProcessingInitializeOnLoad (2ms)
				EditorAssembliesLoaded (0ms)
			ExecutionOrderSort2 (0ms)
			AwakeInstancesAfterBackupRestoration (5ms)
Platform modules already initialized, skipping
Switching build target platform(19) subTarget(0) extendedPlatform(0) -> platform(13) subTarget(537395200) extendedPlatform(0)
Refreshing native plugins compatible for Editor in 0.55 ms, found 2 plugins.
Preloading 0 native plugins for Editor in 0.00 ms.
Unloading 3425 Unused Serialized files (Serialized files now loaded: 0)
System memory in use before: 144.1 MB.
System memory in use after: 144.3 MB.

Unloading 15 unused Assets to reduce memory usage. Loaded Objects now: 3987.
Total: 3.960100 ms (FindLiveObjects: 0.381100 ms CreateObjectMapping: 0.234500 ms MarkObjects: 3.297600 ms  DeleteObjects: 0.046200 ms)

AssetImportParameters requested are different than current active one (requested -> active):
  custom:framework-win-MediaFoundation: 216162199b28c13a410421893ffa2e32 -> 
  custom:video-decoder-ogg-theora: a1e56fd34408186e4bbccfd4996cb3dc -> 
  custom:container-muxer-webm: aa71ff27fc2769a1b78a27578f13a17b -> 
  custom:container-demuxer-webm: 4f35f7cbe854078d1ac9338744f61a02 -> 
  custom:container-demuxer-ogg: 62fdf1f143b41e24485cea50d1cbac27 -> 
  custom:video-encoder-webm-vp8: eb34c28f22e8b96e1ab97ce403110664 -> 
  custom:video-decoder-webm-vp8: 9c59270c3fd7afecdb556c50c9e8de78 -> 
  custom:graphics/normal-map-encoding: 01000000000000000000000000000000 -> 02000000000000000000000000000000
  custom:audio-decoder-ogg-vorbis: bf7c407c2cedff20999df2af8eb42d56 -> 
  custom:audio-encoder-webm-vorbis: bf7c407c2cedff20999df2af8eb42d56 -> 
========================================================================
Received Import Request.
  Time since last request: 16.698088 seconds.
  path: Assets/000 - EZMoney/005 - Scripts/000 - GameManager/AnimationsLT.cs
  artifactKey: Guid(bd2d3033d21a7f8439c9b833229d0e4e) Importer(815301076,1909f56bfc062723c751e8b465ee728b)
Start importing Assets/000 - EZMoney/005 - Scripts/000 - GameManager/AnimationsLT.cs using Guid(bd2d3033d21a7f8439c9b833229d0e4e) Importer(815301076,1909f56bfc062723c751e8b465ee728b)  -> (artifact id: '8a34a68f59cca89de003f7ab11fc2eab') in 0.011005 seconds 
========================================================================
Received Import Request.
  Time since last request: 0.683464 seconds.
  path: Assets/000 - EZMoney/005 - Scripts/000 - GameManager/SceneController.cs
  artifactKey: Guid(196f492fdc161c54dab0c35ff683cecb) Importer(815301076,1909f56bfc062723c751e8b465ee728b)
Start importing Assets/000 - EZMoney/005 - Scripts/000 - GameManager/SceneController.cs using Guid(196f492fdc161c54dab0c35ff683cecb) Importer(815301076,1909f56bfc062723c751e8b465ee728b)  -> (artifact id: '9436d0c92899beb3b9f710bc07508c94') in 0.005170 seconds 
========================================================================
Received Prepare
Registering precompiled user dll's ...
Registered in 0.002594 seconds.
Begin MonoManager ReloadAssembly
Native extension for WindowsStandalone target not found
Native extension for WebGL target not found
Refreshing native plugins compatible for Editor in 0.60 ms, found 2 plugins.
Preloading 0 native plugins for Editor in 0.00 ms.
Mono: successfully reloaded assembly
- Completed reload, in  1.103 seconds
Domain Reload Profiling:
	ReloadAssembly (1104ms)
		BeginReloadAssembly (108ms)
			ExecutionOrderSort (0ms)
			DisableScriptedObjects (4ms)
			BackupInstance (0ms)
			ReleaseScriptingObjects (0ms)
			CreateAndSetChildDomain (35ms)
		EndReloadAssembly (937ms)
			LoadAssemblies (101ms)
			RebuildTransferFunctionScriptingTraits (0ms)
			SetupTypeCache (346ms)
			ReleaseScriptCaches (1ms)
			RebuildScriptCaches (42ms)
			SetupLoadedEditorAssemblies (332ms)
				LogAssemblyErrors (0ms)
				InitializePlatformSupportModulesInManaged (4ms)
				SetLoadedEditorAssemblies (0ms)
				RefreshPlugins (1ms)
				BeforeProcessingInitializeOnLoad (78ms)
				ProcessInitializeOnLoadAttributes (234ms)
				ProcessInitializeOnLoadMethodAttributes (13ms)
				AfterProcessingInitializeOnLoad (2ms)
				EditorAssembliesLoaded (0ms)
			ExecutionOrderSort2 (0ms)
			AwakeInstancesAfterBackupRestoration (5ms)
Platform modules already initialized, skipping
Switching build target platform(19) subTarget(0) extendedPlatform(0) -> platform(13) subTarget(537395200) extendedPlatform(0)
Refreshing native plugins compatible for Editor in 0.94 ms, found 2 plugins.
Preloading 0 native plugins for Editor in 0.00 ms.
Unloading 3425 Unused Serialized files (Serialized files now loaded: 0)
System memory in use before: 144.1 MB.
System memory in use after: 144.3 MB.

Unloading 15 unused Assets to reduce memory usage. Loaded Objects now: 3990.
Total: 3.503100 ms (FindLiveObjects: 0.262700 ms CreateObjectMapping: 0.155900 ms MarkObjects: 2.996600 ms  DeleteObjects: 0.086700 ms)

AssetImportParameters requested are different than current active one (requested -> active):
  custom:framework-win-MediaFoundation: 216162199b28c13a410421893ffa2e32 -> 
  custom:video-decoder-ogg-theora: a1e56fd34408186e4bbccfd4996cb3dc -> 
  custom:container-muxer-webm: aa71ff27fc2769a1b78a27578f13a17b -> 
  custom:container-demuxer-webm: 4f35f7cbe854078d1ac9338744f61a02 -> 
  custom:container-demuxer-ogg: 62fdf1f143b41e24485cea50d1cbac27 -> 
  custom:video-encoder-webm-vp8: eb34c28f22e8b96e1ab97ce403110664 -> 
  custom:video-decoder-webm-vp8: 9c59270c3fd7afecdb556c50c9e8de78 -> 
  custom:graphics/normal-map-encoding: 01000000000000000000000000000000 -> 02000000000000000000000000000000
  custom:audio-decoder-ogg-vorbis: bf7c407c2cedff20999df2af8eb42d56 -> 
  custom:audio-encoder-webm-vorbis: bf7c407c2cedff20999df2af8eb42d56 -> 
========================================================================
Received Prepare
Registering precompiled user dll's ...
Registered in 0.002490 seconds.
Begin MonoManager ReloadAssembly
Native extension for WindowsStandalone target not found
Native extension for WebGL target not found
Refreshing native plugins compatible for Editor in 0.77 ms, found 2 plugins.
Preloading 0 native plugins for Editor in 0.00 ms.
Mono: successfully reloaded assembly
- Completed reload, in  1.149 seconds
Domain Reload Profiling:
	ReloadAssembly (1149ms)
		BeginReloadAssembly (106ms)
			ExecutionOrderSort (0ms)
			DisableScriptedObjects (4ms)
			BackupInstance (0ms)
			ReleaseScriptingObjects (0ms)
			CreateAndSetChildDomain (32ms)
		EndReloadAssembly (992ms)
			LoadAssemblies (94ms)
			RebuildTransferFunctionScriptingTraits (0ms)
			SetupTypeCache (381ms)
			ReleaseScriptCaches (1ms)
			RebuildScriptCaches (47ms)
			SetupLoadedEditorAssemblies (346ms)
				LogAssemblyErrors (0ms)
				InitializePlatformSupportModulesInManaged (4ms)
				SetLoadedEditorAssemblies (1ms)
				RefreshPlugins (1ms)
				BeforeProcessingInitializeOnLoad (87ms)
				ProcessInitializeOnLoadAttributes (238ms)
				ProcessInitializeOnLoadMethodAttributes (12ms)
				AfterProcessingInitializeOnLoad (2ms)
				EditorAssembliesLoaded (0ms)
			ExecutionOrderSort2 (0ms)
			AwakeInstancesAfterBackupRestoration (6ms)
Platform modules already initialized, skipping
Switching build target platform(19) subTarget(0) extendedPlatform(0) -> platform(13) subTarget(537395200) extendedPlatform(0)
Refreshing native plugins compatible for Editor in 0.63 ms, found 2 plugins.
Preloading 0 native plugins for Editor in 0.00 ms.
Unloading 3427 Unused Serialized files (Serialized files now loaded: 0)
System memory in use before: 144.1 MB.
System memory in use after: 144.4 MB.

Unloading 15 unused Assets to reduce memory usage. Loaded Objects now: 3995.
Total: 3.785500 ms (FindLiveObjects: 0.306300 ms CreateObjectMapping: 0.142000 ms MarkObjects: 3.271900 ms  DeleteObjects: 0.064500 ms)

AssetImportParameters requested are different than current active one (requested -> active):
  custom:framework-win-MediaFoundation: 216162199b28c13a410421893ffa2e32 -> 
  custom:video-decoder-ogg-theora: a1e56fd34408186e4bbccfd4996cb3dc -> 
  custom:container-muxer-webm: aa71ff27fc2769a1b78a27578f13a17b -> 
  custom:container-demuxer-webm: 4f35f7cbe854078d1ac9338744f61a02 -> 
  custom:container-demuxer-ogg: 62fdf1f143b41e24485cea50d1cbac27 -> 
  custom:video-encoder-webm-vp8: eb34c28f22e8b96e1ab97ce403110664 -> 
  custom:video-decoder-webm-vp8: 9c59270c3fd7afecdb556c50c9e8de78 -> 
  custom:graphics/normal-map-encoding: 01000000000000000000000000000000 -> 02000000000000000000000000000000
  custom:audio-decoder-ogg-vorbis: bf7c407c2cedff20999df2af8eb42d56 -> 
  custom:audio-encoder-webm-vorbis: bf7c407c2cedff20999df2af8eb42d56 -> 
========================================================================
Received Import Request.
  Time since last request: 542.469025 seconds.
  path: Assets/000 - EZMoney/008 - Scenes/EntryScene.unity
  artifactKey: Guid(714fc92f76e6e8142b0320e63980162e) Importer(815301076,1909f56bfc062723c751e8b465ee728b)
Start importing Assets/000 - EZMoney/008 - Scenes/EntryScene.unity using Guid(714fc92f76e6e8142b0320e63980162e) Importer(815301076,1909f56bfc062723c751e8b465ee728b)  -> (artifact id: '907bd2882f6ed3b26981023112e3e3c6') in 0.011193 seconds 
========================================================================
Received Prepare
Registering precompiled user dll's ...
Registered in 0.002489 seconds.
Begin MonoManager ReloadAssembly
Native extension for WindowsStandalone target not found
Native extension for WebGL target not found
Refreshing native plugins compatible for Editor in 0.60 ms, found 2 plugins.
Preloading 0 native plugins for Editor in 0.00 ms.
Mono: successfully reloaded assembly
- Completed reload, in  1.036 seconds
Domain Reload Profiling:
	ReloadAssembly (1037ms)
		BeginReloadAssembly (98ms)
			ExecutionOrderSort (0ms)
			DisableScriptedObjects (4ms)
			BackupInstance (0ms)
			ReleaseScriptingObjects (0ms)
			CreateAndSetChildDomain (31ms)
		EndReloadAssembly (889ms)
			LoadAssemblies (82ms)
			RebuildTransferFunctionScriptingTraits (0ms)
			SetupTypeCache (323ms)
			ReleaseScriptCaches (1ms)
			RebuildScriptCaches (40ms)
			SetupLoadedEditorAssemblies (328ms)
				LogAssemblyErrors (0ms)
				InitializePlatformSupportModulesInManaged (3ms)
				SetLoadedEditorAssemblies (0ms)
				RefreshPlugins (1ms)
				BeforeProcessingInitializeOnLoad (75ms)
				ProcessInitializeOnLoadAttributes (232ms)
				ProcessInitializeOnLoadMethodAttributes (13ms)
				AfterProcessingInitializeOnLoad (4ms)
				EditorAssembliesLoaded (0ms)
			ExecutionOrderSort2 (0ms)
			AwakeInstancesAfterBackupRestoration (5ms)
Platform modules already initialized, skipping
Switching build target platform(19) subTarget(0) extendedPlatform(0) -> platform(13) subTarget(537395200) extendedPlatform(0)
Refreshing native plugins compatible for Editor in 0.58 ms, found 2 plugins.
Preloading 0 native plugins for Editor in 0.00 ms.
Unloading 3427 Unused Serialized files (Serialized files now loaded: 0)
System memory in use before: 144.2 MB.
System memory in use after: 144.4 MB.

Unloading 15 unused Assets to reduce memory usage. Loaded Objects now: 3998.
Total: 3.792700 ms (FindLiveObjects: 0.305500 ms CreateObjectMapping: 0.190600 ms MarkObjects: 3.245100 ms  DeleteObjects: 0.050100 ms)

AssetImportParameters requested are different than current active one (requested -> active):
  custom:framework-win-MediaFoundation: 216162199b28c13a410421893ffa2e32 -> 
  custom:video-decoder-ogg-theora: a1e56fd34408186e4bbccfd4996cb3dc -> 
  custom:container-muxer-webm: aa71ff27fc2769a1b78a27578f13a17b -> 
  custom:container-demuxer-webm: 4f35f7cbe854078d1ac9338744f61a02 -> 
  custom:container-demuxer-ogg: 62fdf1f143b41e24485cea50d1cbac27 -> 
  custom:video-encoder-webm-vp8: eb34c28f22e8b96e1ab97ce403110664 -> 
  custom:video-decoder-webm-vp8: 9c59270c3fd7afecdb556c50c9e8de78 -> 
  custom:graphics/normal-map-encoding: 01000000000000000000000000000000 -> 02000000000000000000000000000000
  custom:audio-decoder-ogg-vorbis: bf7c407c2cedff20999df2af8eb42d56 -> 
  custom:audio-encoder-webm-vorbis: bf7c407c2cedff20999df2af8eb42d56 -> 
========================================================================
Received Import Request.
  Time since last request: 391.566309 seconds.
  path: Assets/000 - EZMoney/005 - Scripts/002 - Entry
  artifactKey: Guid(128d75ca779e9464caaf2f871713ee94) Importer(815301076,1909f56bfc062723c751e8b465ee728b)
Start importing Assets/000 - EZMoney/005 - Scripts/002 - Entry using Guid(128d75ca779e9464caaf2f871713ee94) Importer(815301076,1909f56bfc062723c751e8b465ee728b)  -> (artifact id: 'd57276f5f3d65a480236ac985772e6c6') in 0.011153 seconds 
========================================================================
Received Import Request.
  Time since last request: 13.967560 seconds.
  path: Assets/000 - EZMoney/005 - Scripts/002 - Entry/EntryCore.cs
  artifactKey: Guid(bcac7c97295a19541b95e2c8a8e3b633) Importer(815301076,1909f56bfc062723c751e8b465ee728b)
Start importing Assets/000 - EZMoney/005 - Scripts/002 - Entry/EntryCore.cs using Guid(bcac7c97295a19541b95e2c8a8e3b633) Importer(815301076,1909f56bfc062723c751e8b465ee728b)  -> (artifact id: 'd7cbc9e31f2f6a2a4c984eb33cfd74d1') in 0.005259 seconds 
========================================================================
Received Import Request.
  Time since last request: 23.860723 seconds.
  path: Assets/000 - EZMoney/005 - Scripts/003 - ScriptableAssets
  artifactKey: Guid(42e5ffde6348bc947aca94cf8ed3ced9) Importer(815301076,1909f56bfc062723c751e8b465ee728b)
Start importing Assets/000 - EZMoney/005 - Scripts/003 - ScriptableAssets using Guid(42e5ffde6348bc947aca94cf8ed3ced9) Importer(815301076,1909f56bfc062723c751e8b465ee728b)  -> (artifact id: '54fac8e963968f8843b3b4f60f2d6350') in 0.007002 seconds 
========================================================================
Received Import Request.
  Time since last request: 9.378284 seconds.
  path: Assets/000 - EZMoney/005 - Scripts/003 - ScriptableAssets/PlayerData.cs
  artifactKey: Guid(cc082b93bd0fb514d8552eca8f02491d) Importer(815301076,1909f56bfc062723c751e8b465ee728b)
Start importing Assets/000 - EZMoney/005 - Scripts/003 - ScriptableAssets/PlayerData.cs using Guid(cc082b93bd0fb514d8552eca8f02491d) Importer(815301076,1909f56bfc062723c751e8b465ee728b)  -> (artifact id: '8041de6d63727abc100e74710bf15d42') in 0.006048 seconds 
========================================================================
Received Import Request.
  Time since last request: 28.117905 seconds.
  path: Assets/000 - EZMoney/005 - Scripts/003 - ScriptableAssets/PlayerData.cs
  artifactKey: Guid(cc082b93bd0fb514d8552eca8f02491d) Importer(815301076,1909f56bfc062723c751e8b465ee728b)
Start importing Assets/000 - EZMoney/005 - Scripts/003 - ScriptableAssets/PlayerData.cs using Guid(cc082b93bd0fb514d8552eca8f02491d) Importer(815301076,1909f56bfc062723c751e8b465ee728b)  -> (artifact id: 'd833160b2a681929a18aa207f1bc68e3') in 0.001762 seconds 
========================================================================
Received Import Request.
  Time since last request: 75.445603 seconds.
  path: Assets/000 - EZMoney/005 - Scripts/003 - ScriptableAssets/PlayerData.cs
  artifactKey: Guid(cc082b93bd0fb514d8552eca8f02491d) Importer(815301076,1909f56bfc062723c751e8b465ee728b)
Start importing Assets/000 - EZMoney/005 - Scripts/003 - ScriptableAssets/PlayerData.cs using Guid(cc082b93bd0fb514d8552eca8f02491d) Importer(815301076,1909f56bfc062723c751e8b465ee728b)  -> (artifact id: '8f22bd2ede6407f8ffefca083089e03a') in 0.001845 seconds 
========================================================================
Received Import Request.
  Time since last request: 2.283767 seconds.
  path: Assets/000 - EZMoney/005 - Scripts/000 - GameManager/GameManager.cs
  artifactKey: Guid(ab9e999d15be1684e902cce2e5d9bf68) Importer(815301076,1909f56bfc062723c751e8b465ee728b)
Start importing Assets/000 - EZMoney/005 - Scripts/000 - GameManager/GameManager.cs using Guid(ab9e999d15be1684e902cce2e5d9bf68) Importer(815301076,1909f56bfc062723c751e8b465ee728b)  -> (artifact id: 'f57ca5a1a27a3f906c9c94f9177f1001') in 0.005980 seconds 
========================================================================
Received Import Request.
  Time since last request: 261.888544 seconds.
  path: Assets/000 - EZMoney/005 - Scripts/000 - GameManager/GameManager.cs
  artifactKey: Guid(ab9e999d15be1684e902cce2e5d9bf68) Importer(815301076,1909f56bfc062723c751e8b465ee728b)
Start importing Assets/000 - EZMoney/005 - Scripts/000 - GameManager/GameManager.cs using Guid(ab9e999d15be1684e902cce2e5d9bf68) Importer(815301076,1909f56bfc062723c751e8b465ee728b)  -> (artifact id: 'cd554cdd11f9dacdb3e7238c379350fd') in 0.007572 seconds 
========================================================================
Received Import Request.
  Time since last request: 3.735036 seconds.
  path: Assets/000 - EZMoney/005 - Scripts/002 - Entry/EntryController.cs
  artifactKey: Guid(029a41b100b32744db72b52082477f0b) Importer(815301076,1909f56bfc062723c751e8b465ee728b)
Start importing Assets/000 - EZMoney/005 - Scripts/002 - Entry/EntryController.cs using Guid(029a41b100b32744db72b52082477f0b) Importer(815301076,1909f56bfc062723c751e8b465ee728b)  -> (artifact id: '29552f3c72195361278518d733981e88') in 0.006401 seconds 
========================================================================
Received Prepare
Registering precompiled user dll's ...
Registered in 0.003348 seconds.
Begin MonoManager ReloadAssembly
Native extension for WindowsStandalone target not found
Native extension for WebGL target not found
Refreshing native plugins compatible for Editor in 0.57 ms, found 2 plugins.
Preloading 0 native plugins for Editor in 0.00 ms.
Mono: successfully reloaded assembly
- Completed reload, in  1.038 seconds
Domain Reload Profiling:
	ReloadAssembly (1039ms)
		BeginReloadAssembly (104ms)
			ExecutionOrderSort (0ms)
			DisableScriptedObjects (4ms)
			BackupInstance (0ms)
			ReleaseScriptingObjects (0ms)
			CreateAndSetChildDomain (34ms)
		EndReloadAssembly (884ms)
			LoadAssemblies (84ms)
			RebuildTransferFunctionScriptingTraits (0ms)
			SetupTypeCache (302ms)
			ReleaseScriptCaches (1ms)
			RebuildScriptCaches (41ms)
			SetupLoadedEditorAssemblies (335ms)
				LogAssemblyErrors (0ms)
				InitializePlatformSupportModulesInManaged (4ms)
				SetLoadedEditorAssemblies (0ms)
				RefreshPlugins (1ms)
				BeforeProcessingInitializeOnLoad (84ms)
				ProcessInitializeOnLoadAttributes (231ms)
				ProcessInitializeOnLoadMethodAttributes (13ms)
				AfterProcessingInitializeOnLoad (2ms)
				EditorAssembliesLoaded (0ms)
			ExecutionOrderSort2 (0ms)
			AwakeInstancesAfterBackupRestoration (5ms)
Platform modules already initialized, skipping
Switching build target platform(19) subTarget(0) extendedPlatform(0) -> platform(13) subTarget(537395200) extendedPlatform(0)
Refreshing native plugins compatible for Editor in 0.56 ms, found 2 plugins.
Preloading 0 native plugins for Editor in 0.00 ms.
Unloading 3430 Unused Serialized files (Serialized files now loaded: 0)
System memory in use before: 144.3 MB.
System memory in use after: 144.5 MB.

Unloading 15 unused Assets to reduce memory usage. Loaded Objects now: 4004.
Total: 3.441700 ms (FindLiveObjects: 0.261900 ms CreateObjectMapping: 0.149000 ms MarkObjects: 2.945400 ms  DeleteObjects: 0.084800 ms)

AssetImportParameters requested are different than current active one (requested -> active):
  custom:framework-win-MediaFoundation: 216162199b28c13a410421893ffa2e32 -> 
  custom:video-decoder-ogg-theora: a1e56fd34408186e4bbccfd4996cb3dc -> 
  custom:container-muxer-webm: aa71ff27fc2769a1b78a27578f13a17b -> 
  custom:container-demuxer-webm: 4f35f7cbe854078d1ac9338744f61a02 -> 
  custom:container-demuxer-ogg: 62fdf1f143b41e24485cea50d1cbac27 -> 
  custom:video-encoder-webm-vp8: eb34c28f22e8b96e1ab97ce403110664 -> 
  custom:video-decoder-webm-vp8: 9c59270c3fd7afecdb556c50c9e8de78 -> 
  custom:graphics/normal-map-encoding: 01000000000000000000000000000000 -> 02000000000000000000000000000000
  custom:audio-decoder-ogg-vorbis: bf7c407c2cedff20999df2af8eb42d56 -> 
  custom:audio-encoder-webm-vorbis: bf7c407c2cedff20999df2af8eb42d56 -> 
========================================================================
Received Import Request.
  Time since last request: 24.547055 seconds.
  path: Assets/000 - EZMoney/005 - Scripts/002 - Entry/EntryController.cs
  artifactKey: Guid(029a41b100b32744db72b52082477f0b) Importer(815301076,1909f56bfc062723c751e8b465ee728b)
Start importing Assets/000 - EZMoney/005 - Scripts/002 - Entry/EntryController.cs using Guid(029a41b100b32744db72b52082477f0b) Importer(815301076,1909f56bfc062723c751e8b465ee728b)  -> (artifact id: 'cb735903a75f638cf326d58ff819af51') in 0.005297 seconds 
========================================================================
Received Import Request.
  Time since last request: 531.601841 seconds.
  path: Assets/000 - EZMoney/002 - Textures/000 - Loading
  artifactKey: Guid(4c911e03e8414d542993a28503f289d9) Importer(815301076,1909f56bfc062723c751e8b465ee728b)
Start importing Assets/000 - EZMoney/002 - Textures/000 - Loading using Guid(4c911e03e8414d542993a28503f289d9) Importer(815301076,1909f56bfc062723c751e8b465ee728b)  -> (artifact id: '3ff2473745bdc7d39a53c297f14d12f0') in 0.006317 seconds 
========================================================================
Received Import Request.
  Time since last request: 0.070548 seconds.
  path: Assets/000 - EZMoney/002 - Textures/000 - Loading/1 bg.png
  artifactKey: Guid(16f6577f0f1bef641994428b475d453e) Importer(815301076,1909f56bfc062723c751e8b465ee728b)
Start importing Assets/000 - EZMoney/002 - Textures/000 - Loading/1 bg.png using Guid(16f6577f0f1bef641994428b475d453e) Importer(815301076,1909f56bfc062723c751e8b465ee728b)  -> (artifact id: 'c707d2b05ce96f4593ba5256dae50d6f') in 0.093812 seconds 
========================================================================
Received Import Request.
  Time since last request: 0.000238 seconds.
  path: Assets/000 - EZMoney/002 - Textures/000 - Loading/loading bar.png
  artifactKey: Guid(78ceb77845f55f44da15cb03997cab96) Importer(815301076,1909f56bfc062723c751e8b465ee728b)
Start importing Assets/000 - EZMoney/002 - Textures/000 - Loading/loading bar.png using Guid(78ceb77845f55f44da15cb03997cab96) Importer(815301076,1909f56bfc062723c751e8b465ee728b)  -> (artifact id: '356433ba23085bbdd1f1901b24c6e9bd') in 0.018749 seconds 
========================================================================
Received Import Request.
  Time since last request: 0.000186 seconds.
  path: Assets/000 - EZMoney/002 - Textures/000 - Loading/03.png
  artifactKey: Guid(c43144d1a8be70147a3efea0aded60b5) Importer(815301076,1909f56bfc062723c751e8b465ee728b)
Start importing Assets/000 - EZMoney/002 - Textures/000 - Loading/03.png using Guid(c43144d1a8be70147a3efea0aded60b5) Importer(815301076,1909f56bfc062723c751e8b465ee728b)  -> (artifact id: '92b415f946430ce4f9070ee4d8cc2584') in 0.049776 seconds 
========================================================================
Received Import Request.
  Time since last request: 0.000231 seconds.
  path: Assets/000 - EZMoney/002 - Textures/000 - Loading/2 bg.png
  artifactKey: Guid(445e82e673db55f4da033122faee9cde) Importer(815301076,1909f56bfc062723c751e8b465ee728b)
Start importing Assets/000 - EZMoney/002 - Textures/000 - Loading/2 bg.png using Guid(445e82e673db55f4da033122faee9cde) Importer(815301076,1909f56bfc062723c751e8b465ee728b)  -> (artifact id: '92591f83c0a10c3c9ba88247ddce93cb') in 0.022533 seconds 
========================================================================
Received Import Request.
  Time since last request: 0.000204 seconds.
  path: Assets/000 - EZMoney/002 - Textures/000 - Loading/01.png
  artifactKey: Guid(9e9b3c6b9b3145e41a41a1e6ace139d1) Importer(815301076,1909f56bfc062723c751e8b465ee728b)
Start importing Assets/000 - EZMoney/002 - Textures/000 - Loading/01.png using Guid(9e9b3c6b9b3145e41a41a1e6ace139d1) Importer(815301076,1909f56bfc062723c751e8b465ee728b)  -> (artifact id: '0e82dd2144162c2d4ef78d719219bd80') in 0.034242 seconds 
========================================================================
Received Import Request.
  Time since last request: 0.000280 seconds.
  path: Assets/000 - EZMoney/002 - Textures/000 - Loading/02.png
  artifactKey: Guid(7d000a4946f84c1419fdb909c182d554) Importer(815301076,1909f56bfc062723c751e8b465ee728b)
Start importing Assets/000 - EZMoney/002 - Textures/000 - Loading/02.png using Guid(7d000a4946f84c1419fdb909c182d554) Importer(815301076,1909f56bfc062723c751e8b465ee728b)  -> (artifact id: 'd6054acef7d2ae983e98d8a8dec0c40d') in 0.035242 seconds 
========================================================================
Received Import Request.
  Time since last request: 0.000244 seconds.
  path: Assets/000 - EZMoney/002 - Textures/000 - Loading/loading sign.png
  artifactKey: Guid(ee28efd345aa60547b1cdfb0282d6a2c) Importer(815301076,1909f56bfc062723c751e8b465ee728b)
Start importing Assets/000 - EZMoney/002 - Textures/000 - Loading/loading sign.png using Guid(ee28efd345aa60547b1cdfb0282d6a2c) Importer(815301076,1909f56bfc062723c751e8b465ee728b)  -> (artifact id: '41e1f04177c92fbf97533c2f465d9a87') in 0.014921 seconds 
========================================================================
Received Import Request.
  Time since last request: 0.000275 seconds.
  path: Assets/000 - EZMoney/002 - Textures/000 - Loading/3 bg.png
  artifactKey: Guid(57d823956d3d78445bca1d76d29a20ec) Importer(815301076,1909f56bfc062723c751e8b465ee728b)
Start importing Assets/000 - EZMoney/002 - Textures/000 - Loading/3 bg.png using Guid(57d823956d3d78445bca1d76d29a20ec) Importer(815301076,1909f56bfc062723c751e8b465ee728b)  -> (artifact id: 'fdaf992606a1397bc08a27f7170fe9f9') in 0.020349 seconds 
========================================================================
Received Import Request.
  Time since last request: 0.000304 seconds.
  path: Assets/000 - EZMoney/002 - Textures/000 - Loading/trivia panel.png
  artifactKey: Guid(db512a023f06ff64b815b5dcd211fa1c) Importer(815301076,1909f56bfc062723c751e8b465ee728b)
Start importing Assets/000 - EZMoney/002 - Textures/000 - Loading/trivia panel.png using Guid(db512a023f06ff64b815b5dcd211fa1c) Importer(815301076,1909f56bfc062723c751e8b465ee728b)  -> (artifact id: 'b86213a57fd02f3c815f63be93539731') in 0.015820 seconds 
========================================================================
Received Import Request.
  Time since last request: 0.000226 seconds.
  path: Assets/000 - EZMoney/002 - Textures/000 - Loading/4 bg.png
  artifactKey: Guid(6d06729bd5a466e4e9ff1ca301d93f56) Importer(815301076,1909f56bfc062723c751e8b465ee728b)
Start importing Assets/000 - EZMoney/002 - Textures/000 - Loading/4 bg.png using Guid(6d06729bd5a466e4e9ff1ca301d93f56) Importer(815301076,1909f56bfc062723c751e8b465ee728b)  -> (artifact id: 'f2ee6c3682b8f3c72c19569b0d5ee091') in 0.020411 seconds 
========================================================================
Received Import Request.
  Time since last request: 0.000255 seconds.
  path: Assets/000 - EZMoney/002 - Textures/000 - Loading/Bar panel.png
  artifactKey: Guid(f6850dddeb0313542b4e987d44eeb429) Importer(815301076,1909f56bfc062723c751e8b465ee728b)
Start importing Assets/000 - EZMoney/002 - Textures/000 - Loading/Bar panel.png using Guid(f6850dddeb0313542b4e987d44eeb429) Importer(815301076,1909f56bfc062723c751e8b465ee728b)  -> (artifact id: 'a23216599d38b23b120c95f2bfc4a7cd') in 0.015943 seconds 
========================================================================
Received Import Request.
  Time since last request: 0.000187 seconds.
  path: Assets/000 - EZMoney/002 - Textures/000 - Loading/04.png
  artifactKey: Guid(8011c96756b42574aa5a45fb5d873dc4) Importer(815301076,1909f56bfc062723c751e8b465ee728b)
Start importing Assets/000 - EZMoney/002 - Textures/000 - Loading/04.png using Guid(8011c96756b42574aa5a45fb5d873dc4) Importer(815301076,1909f56bfc062723c751e8b465ee728b)  -> (artifact id: '7f248a28796c9017c895072fa734d0ce') in 0.034812 seconds 
========================================================================
Received Import Request.
  Time since last request: 223.228820 seconds.
  path: Assets/000 - EZMoney/002 - Textures/001 - Entry
  artifactKey: Guid(beeefa7b19c438c48894b4b283ea3a1c) Importer(815301076,1909f56bfc062723c751e8b465ee728b)
Start importing Assets/000 - EZMoney/002 - Textures/001 - Entry using Guid(beeefa7b19c438c48894b4b283ea3a1c) Importer(815301076,1909f56bfc062723c751e8b465ee728b)  -> (artifact id: '1d7112bda81eddf1741cd899e0e4c57c') in 0.006223 seconds 
========================================================================
Received Import Request.
  Time since last request: 1.130342 seconds.
  path: Assets/000 - EZMoney/002 - Textures/001 - Entry/000 - Menu
  artifactKey: Guid(de3a9882dbbebad448f70c4928eb6399) Importer(815301076,1909f56bfc062723c751e8b465ee728b)
Start importing Assets/000 - EZMoney/002 - Textures/001 - Entry/000 - Menu using Guid(de3a9882dbbebad448f70c4928eb6399) Importer(815301076,1909f56bfc062723c751e8b465ee728b)  -> (artifact id: 'dcc3f71c066fb06ff2980a05f75d3358') in 0.006529 seconds 
========================================================================
Received Import Request.
  Time since last request: 0.057144 seconds.
  path: Assets/000 - EZMoney/002 - Textures/001 - Entry/000 - Menu/background.png
  artifactKey: Guid(2aa6b2f370278e64aabfe5c53788ecc8) Importer(815301076,1909f56bfc062723c751e8b465ee728b)
Start importing Assets/000 - EZMoney/002 - Textures/001 - Entry/000 - Menu/background.png using Guid(2aa6b2f370278e64aabfe5c53788ecc8) Importer(815301076,1909f56bfc062723c751e8b465ee728b)  -> (artifact id: '10bb96194925a3fd7949d129ddd0a431') in 0.018870 seconds 
========================================================================
Received Import Request.
  Time since last request: 0.000233 seconds.
  path: Assets/000 - EZMoney/002 - Textures/001 - Entry/000 - Menu/play btn.png
  artifactKey: Guid(be594013117622149b1ec4b8ae80b31d) Importer(815301076,1909f56bfc062723c751e8b465ee728b)
Start importing Assets/000 - EZMoney/002 - Textures/001 - Entry/000 - Menu/play btn.png using Guid(be594013117622149b1ec4b8ae80b31d) Importer(815301076,1909f56bfc062723c751e8b465ee728b)  -> (artifact id: '21a5ab12567853374037ca3cd7d9fb61') in 0.016631 seconds 
========================================================================
Received Import Request.
  Time since last request: 0.000261 seconds.
  path: Assets/000 - EZMoney/002 - Textures/001 - Entry/000 - Menu/web btn.png
  artifactKey: Guid(a6321ada1b035424faff76f1e9db2f06) Importer(815301076,1909f56bfc062723c751e8b465ee728b)
Start importing Assets/000 - EZMoney/002 - Textures/001 - Entry/000 - Menu/web btn.png using Guid(a6321ada1b035424faff76f1e9db2f06) Importer(815301076,1909f56bfc062723c751e8b465ee728b)  -> (artifact id: 'f27d334db15773a724ef3e14f95d342f') in 0.018584 seconds 
========================================================================
Received Import Request.
  Time since last request: 0.000243 seconds.
  path: Assets/000 - EZMoney/002 - Textures/001 - Entry/000 - Menu/setting btn.png
  artifactKey: Guid(a4f4a1d70b0e3f847864356e5beb4959) Importer(815301076,1909f56bfc062723c751e8b465ee728b)
Start importing Assets/000 - EZMoney/002 - Textures/001 - Entry/000 - Menu/setting btn.png using Guid(a4f4a1d70b0e3f847864356e5beb4959) Importer(815301076,1909f56bfc062723c751e8b465ee728b)  -> (artifact id: 'f9a57a985991f06cf91546738ccb8d7a') in 0.019082 seconds 
========================================================================
Received Import Request.
  Time since last request: 0.000247 seconds.
  path: Assets/000 - EZMoney/002 - Textures/001 - Entry/000 - Menu/title.png
  artifactKey: Guid(20edabbefeea7034181d7f4140fbbbc3) Importer(815301076,1909f56bfc062723c751e8b465ee728b)
Start importing Assets/000 - EZMoney/002 - Textures/001 - Entry/000 - Menu/title.png using Guid(20edabbefeea7034181d7f4140fbbbc3) Importer(815301076,1909f56bfc062723c751e8b465ee728b)  -> (artifact id: 'd01f9a25d7f97b96bf8c9021bd17501a') in 0.018554 seconds 
========================================================================
Received Prepare
Registering precompiled user dll's ...
Registered in 0.002472 seconds.
Begin MonoManager ReloadAssembly
Native extension for WindowsStandalone target not found
Native extension for WebGL target not found
Refreshing native plugins compatible for Editor in 0.55 ms, found 2 plugins.
Preloading 0 native plugins for Editor in 0.00 ms.
Mono: successfully reloaded assembly
- Completed reload, in  1.069 seconds
Domain Reload Profiling:
	ReloadAssembly (1069ms)
		BeginReloadAssembly (119ms)
			ExecutionOrderSort (0ms)
			DisableScriptedObjects (4ms)
			BackupInstance (0ms)
			ReleaseScriptingObjects (0ms)
			CreateAndSetChildDomain (37ms)
		EndReloadAssembly (899ms)
			LoadAssemblies (98ms)
			RebuildTransferFunctionScriptingTraits (0ms)
			SetupTypeCache (318ms)
			ReleaseScriptCaches (2ms)
			RebuildScriptCaches (45ms)
			SetupLoadedEditorAssemblies (323ms)
				LogAssemblyErrors (0ms)
				InitializePlatformSupportModulesInManaged (3ms)
				SetLoadedEditorAssemblies (0ms)
				RefreshPlugins (1ms)
				BeforeProcessingInitializeOnLoad (75ms)
				ProcessInitializeOnLoadAttributes (230ms)
				ProcessInitializeOnLoadMethodAttributes (11ms)
				AfterProcessingInitializeOnLoad (2ms)
				EditorAssembliesLoaded (0ms)
			ExecutionOrderSort2 (0ms)
			AwakeInstancesAfterBackupRestoration (5ms)
Platform modules already initialized, skipping
Switching build target platform(19) subTarget(0) extendedPlatform(0) -> platform(13) subTarget(537395200) extendedPlatform(0)
Refreshing native plugins compatible for Editor in 0.93 ms, found 2 plugins.
Preloading 0 native plugins for Editor in 0.00 ms.
Unloading 3430 Unused Serialized files (Serialized files now loaded: 0)
System memory in use before: 147.3 MB.
System memory in use after: 147.5 MB.

Unloading 15 unused Assets to reduce memory usage. Loaded Objects now: 4027.
Total: 4.211500 ms (FindLiveObjects: 0.338800 ms CreateObjectMapping: 0.258100 ms MarkObjects: 3.521600 ms  DeleteObjects: 0.091800 ms)

AssetImportParameters requested are different than current active one (requested -> active):
  custom:framework-win-MediaFoundation: 216162199b28c13a410421893ffa2e32 -> 
  custom:video-decoder-ogg-theora: a1e56fd34408186e4bbccfd4996cb3dc -> 
  custom:container-muxer-webm: aa71ff27fc2769a1b78a27578f13a17b -> 
  custom:container-demuxer-webm: 4f35f7cbe854078d1ac9338744f61a02 -> 
  custom:container-demuxer-ogg: 62fdf1f143b41e24485cea50d1cbac27 -> 
  custom:video-encoder-webm-vp8: eb34c28f22e8b96e1ab97ce403110664 -> 
  custom:video-decoder-webm-vp8: 9c59270c3fd7afecdb556c50c9e8de78 -> 
  custom:graphics/normal-map-encoding: 01000000000000000000000000000000 -> 02000000000000000000000000000000
  custom:audio-decoder-ogg-vorbis: bf7c407c2cedff20999df2af8eb42d56 -> 
  custom:audio-encoder-webm-vorbis: bf7c407c2cedff20999df2af8eb42d56 -> 
========================================================================
Received Prepare
Registering precompiled user dll's ...
Registered in 0.002828 seconds.
Begin MonoManager ReloadAssembly
Native extension for WindowsStandalone target not found
Native extension for WebGL target not found
Refreshing native plugins compatible for Editor in 0.61 ms, found 2 plugins.
Preloading 0 native plugins for Editor in 0.00 ms.
Mono: successfully reloaded assembly
- Completed reload, in  0.988 seconds
Domain Reload Profiling:
	ReloadAssembly (989ms)
		BeginReloadAssembly (104ms)
			ExecutionOrderSort (0ms)
			DisableScriptedObjects (5ms)
			BackupInstance (0ms)
			ReleaseScriptingObjects (0ms)
			CreateAndSetChildDomain (34ms)
		EndReloadAssembly (832ms)
			LoadAssemblies (85ms)
			RebuildTransferFunctionScriptingTraits (0ms)
			SetupTypeCache (287ms)
			ReleaseScriptCaches (1ms)
			RebuildScriptCaches (42ms)
			SetupLoadedEditorAssemblies (306ms)
				LogAssemblyErrors (0ms)
				InitializePlatformSupportModulesInManaged (3ms)
				SetLoadedEditorAssemblies (0ms)
				RefreshPlugins (1ms)
				BeforeProcessingInitializeOnLoad (74ms)
				ProcessInitializeOnLoadAttributes (213ms)
				ProcessInitializeOnLoadMethodAttributes (11ms)
				AfterProcessingInitializeOnLoad (2ms)
				EditorAssembliesLoaded (0ms)
			ExecutionOrderSort2 (0ms)
			AwakeInstancesAfterBackupRestoration (5ms)
Platform modules already initialized, skipping
Switching build target platform(19) subTarget(0) extendedPlatform(0) -> platform(13) subTarget(537395200) extendedPlatform(0)
Refreshing native plugins compatible for Editor in 0.83 ms, found 2 plugins.
Preloading 0 native plugins for Editor in 0.00 ms.
Unloading 3430 Unused Serialized files (Serialized files now loaded: 0)
System memory in use before: 147.3 MB.
System memory in use after: 147.5 MB.

Unloading 15 unused Assets to reduce memory usage. Loaded Objects now: 4030.
Total: 3.236400 ms (FindLiveObjects: 0.247800 ms CreateObjectMapping: 0.141900 ms MarkObjects: 2.760700 ms  DeleteObjects: 0.084900 ms)

AssetImportParameters requested are different than current active one (requested -> active):
  custom:framework-win-MediaFoundation: 216162199b28c13a410421893ffa2e32 -> 
  custom:video-decoder-ogg-theora: a1e56fd34408186e4bbccfd4996cb3dc -> 
  custom:container-muxer-webm: aa71ff27fc2769a1b78a27578f13a17b -> 
  custom:container-demuxer-webm: 4f35f7cbe854078d1ac9338744f61a02 -> 
  custom:container-demuxer-ogg: 62fdf1f143b41e24485cea50d1cbac27 -> 
  custom:video-encoder-webm-vp8: eb34c28f22e8b96e1ab97ce403110664 -> 
  custom:video-decoder-webm-vp8: 9c59270c3fd7afecdb556c50c9e8de78 -> 
  custom:graphics/normal-map-encoding: 01000000000000000000000000000000 -> 02000000000000000000000000000000
  custom:audio-decoder-ogg-vorbis: bf7c407c2cedff20999df2af8eb42d56 -> 
  custom:audio-encoder-webm-vorbis: bf7c407c2cedff20999df2af8eb42d56 -> 
AssetImportWorkerClient::OnTransportError - code=2 error=End of file
